============================= test session starts =============================
platform win32 -- Python 3.12.12, pytest-8.4.2, pluggy-1.6.0 -- D:\Intellicrack\.pixi\envs\default\python.exe
cachedir: .pytest_cache
hypothesis profile 'default'
benchmark: 5.1.0 (defaults: timer=time.perf_counter disable_gc=False min_rounds=5 min_time=0.000005 max_time=1.0 calibration_precision=10 warmup=False warmup_iterations=100000)
metadata: {'Python': '3.12.12', 'Platform': 'Windows-11-10.0.26200-SP0', 'Packages': {'pytest': '8.4.2', 'pluggy': '1.6.0'}, 'Plugins': {'anyio': '4.11.0', 'Faker': '37.11.0', 'hypothesis': '6.142.1', 'asyncio': '1.2.0', 'benchmark': '5.1.0', 'cov': '7.0.0', 'env': '1.2.0', 'html': '4.1.1', 'instafail': '0.5.0', 'metadata': '3.1.1', 'mock': '3.15.1', 'qt': '4.5.0', 'randomly': '4.0.1', 'sugar': '1.1.1', 'timeout': '2.4.0', 'xdist': '3.8.0'}, 'JAVA_HOME': 'C:\\Program Files\\Eclipse Adoptium\\jdk-21.0.8.9-hotspot\\'}
PyQt6 6.9.1 -- Qt runtime 6.9.2 -- Qt compiled 6.9.0
Using --randomly-seed=1903925917
rootdir: D:\Intellicrack
configfile: pytest.ini
plugins: anyio-4.11.0, Faker-37.11.0, hypothesis-6.142.1, asyncio-1.2.0, benchmark-5.1.0, cov-7.0.0, env-1.2.0, html-4.1.1, instafail-0.5.0, metadata-3.1.1, mock-3.15.1, qt-4.5.0, randomly-4.0.1, sugar-1.1.1, timeout-2.4.0, xdist-3.8.0
asyncio: mode=Mode.STRICT, debug=False, asyncio_default_fixture_loop_scope=None, asyncio_default_test_loop_scope=function
collecting ... 